#
# A fatal error has been detected by the Java Runtime Environment:
#
#  SIGSEGV (0xb) at pc=0x00007fcaeb974013, pid=3064, tid=0x00007fcae8dff700
#
# JRE version: OpenJDK Runtime Environment (8.0_152-b01) (build 1.8.0_152-release-1136-b01)
# Java VM: OpenJDK 64-Bit Server VM (25.152-b01 mixed mode linux-amd64 compressed oops)
# Problematic frame:
# V  [libjvm.so+0x4be013]  DefNewGeneration::copy_to_survivor_space(oopDesc*)+0x103
#
# Failed to write core dump. Core dumps have been disabled. To enable core dumping, try "ulimit -c unlimited" before starting Java again
#
# If you would like to submit a bug report, please visit:
#   http://bugreport.java.com/bugreport/crash.jsp
#

---------------  T H R E A D  ---------------

Current thread (0x00007fcae406f800):  VMThread [stack: 0x00007fcae8cff000,0x00007fcae8e00000] [id=3067]

siginfo: si_signo: 11 (SIGSEGV), si_code: 1 (SEGV_MAPERR), si_addr: 0x0000000000000070

Registers:
RAX=0x0000000000000001, RBX=0x00000000a38c2938, RCX=0x0000000000000003, RDX=0x00007fcaec38ea00
RSP=0x00007fcae8dfe500, RBP=0x00007fcae8dfe520, RSI=0x00000000a38c2938, RDI=0x0000000000000068
R8 =0x00000000c7448660, R9 =0xffffffffdc29d920, R10=0x0000000000000003, R11=0x00007fcae8dfe830
R12=0x00007fcaec38ea10, R13=0x00007fcae4019230, R14=0x00007fcae8dfe830, R15=0x00000000c73898c8
RIP=0x00007fcaeb974013, EFLAGS=0x0000000000010202, CSGSFS=0x002b000000000033, ERR=0x0000000000000004
  TRAPNO=0x000000000000000e

Top of Stack: (sp=0x00007fcae8dfe500)
0x00007fcae8dfe500:   0000000100457068 00007fcaec38ea10
0x00007fcae8dfe510:   00000000c73898e4 00007fcae8dfe830
0x00007fcae8dfe520:   00007fcae8dfe580 00007fcaebab5d9f
0x00007fcae8dfe530:   000000000000000a 0000000100456e28
0x00007fcae8dfe540:   00000000c73898b8 0000000100457070
0x00007fcae8dfe550:   0000000004c00000 00000000c73b67f0
0x00007fcae8dfe560:   00007fcaec3ac9e9 0000000000000240
0x00007fcae8dfe570:   00007fcae8dfe830 00000000c73898b8
0x00007fcae8dfe580:   00007fcae8dfe5d0 00007fcaebe14363
0x00007fcae8dfe590:   00007fcae8dfe600 00007fcae401e6c0
0x00007fcae8dfe5a0:   00000000000b0000 00007fcae8dfe830
0x00007fcae8dfe5b0:   00007fcae401e4d0 00007fcae8dfe830
0x00007fcae8dfe5c0:   00007fcae4018d08 00007fcae4019230
0x00007fcae8dfe5d0:   00007fcae8dfe5f0 00007fcaeba6ab40
0x00007fcae8dfe5e0:   0000000000000002 00007fcae4018d10
0x00007fcae8dfe5f0:   00007fcae8dfe620 00007fcaeba567cc
0x00007fcae8dfe600:   00007fcae4018d10 00007fcae8dfe830
0x00007fcae8dfe610:   00007fcae8dfe790 00007fcae8dfe680
0x00007fcae8dfe620:   00007fcae8dfe8f0 00007fcaeb972970
0x00007fcae8dfe630:   00007fcacc154050 000000000acca3a0
0x00007fcae8dfe640:   00007fcae4019320 00007fca00000000
0x00007fcae8dfe650:   00007fcae8cfda88 00007fcae8cfda88
0x00007fcae8dfe660:   00007fcaec2eeab8 00007fcae8dfe600
0x00007fcae8dfe670:   00007fcae4019230 00007fcaebf3f852
0x00007fcae8dfe680:   00007fcae8dfe830 0000000000000100
0x00007fcae8dfe690:   0000000000000000 0000000000000000
0x00007fcae8dfe6a0:   00007fcaec2eec28 00007fcae8dfea00
0x00007fcae8dfe6b0:   00007fcae4019230 00000000c0000000
0x00007fcae8dfe6c0:   00007fcaec2eec10 00007fcae8dfea00
0x00007fcae8dfe6d0:   00007fcae8dfe7d0 00007fcae8dfea00
0x00007fcae8dfe6e0:   00007fcae8dfeaef 0000000000000000
0x00007fcae8dfe6f0:   0000000000000000 0000000000000000 

Instructions: (pc=0x00007fcaeb974013)
0x00007fcaeb973ff3:   45 89 e4 4a 63 04 a2 48 01 d0 ff e0 90 48 8d 15
0x00007fcaeb974003:   f9 a9 a1 00 8b 7e 08 8b 4a 08 48 d3 e7 48 03 3a
0x00007fcaeb974013:   44 8b 67 08 41 83 fc 00 0f 8f 24 ff ff ff 0f 85
0x00007fcaeb974023:   29 01 00 00 48 8b 07 48 89 de ff 90 e8 00 00 00 

Register to memory mapping:

RAX=0x0000000000000001 is an unknown value
RBX=0x00000000a38c2938 is pointing into object: 0x00000000a38c28f8
com.sun.tools.javac.code.Symbol$MethodSymbol 
 - klass: 'com/sun/tools/javac/code/Symbol$MethodSymbol'
RCX=0x0000000000000003 is an unknown value
RDX=0x00007fcaec38ea00: <offset 0xed8a00> in /home/isanechek/ass/preview/android-studio/jre/jre/lib/amd64/server/libjvm.so at 0x00007fcaeb4b6000
RSP=0x00007fcae8dfe500 is an unknown value
RBP=0x00007fcae8dfe520 is an unknown value
RSI=0x00000000a38c2938 is pointing into object: 0x00000000a38c28f8
com.sun.tools.javac.code.Symbol$MethodSymbol 
 - klass: 'com/sun/tools/javac/code/Symbol$MethodSymbol'
RDI=0x0000000000000068 is an unknown value
R8 =0x00000000c7448660 is an oop
com.sun.tools.javac.comp.AttrContext 
 - klass: 'com/sun/tools/javac/comp/AttrContext'
R9 =0xffffffffdc29d920 is an unknown value
R10=0x0000000000000003 is an unknown value
R11=0x00007fcae8dfe830 is an unknown value
R12=0x00007fcaec38ea10: <offset 0xed8a10> in /home/isanechek/ass/preview/android-studio/jre/jre/lib/amd64/server/libjvm.so at 0x00007fcaeb4b6000
R13=0x00007fcae4019230 is an unknown value
R14=0x00007fcae8dfe830 is an unknown value
R15=0x00000000c73898c8 is pointing into object: 0x00000000c73898b8
com.sun.tools.javac.comp.AttrContextEnv 
 - klass: 'com/sun/tools/javac/comp/AttrContextEnv'


Stack: [0x00007fcae8cff000,0x00007fcae8e00000],  sp=0x00007fcae8dfe500,  free space=1021k
Native frames: (J=compiled Java code, j=interpreted, Vv=VM code, C=native code)
V  [libjvm.so+0x4be013]  DefNewGeneration::copy_to_survivor_space(oopDesc*)+0x103
V  [libjvm.so+0x5ffd9f]  InstanceKlass::oop_oop_iterate_nv(oopDesc*, FastScanClosure*)+0x20f
V  [libjvm.so+0x95e363]  ContiguousSpace::oop_since_save_marks_iterate_nv(FastScanClosure*)+0x83
V  [libjvm.so+0x5b4b40]  OneContigSpaceCardGeneration::oop_since_save_marks_iterate_nv(FastScanClosure*)+0x30
V  [libjvm.so+0x5a07cc]  GenCollectedHeap::oop_since_save_marks_iterate(int, FastScanClosure*, FastScanClosure*)+0x5c
V  [libjvm.so+0x4bc970]  DefNewGeneration::collect(bool, bool, unsigned long, bool)+0x480
V  [libjvm.so+0x5a1695]  GenCollectedHeap::do_collection(bool, bool, unsigned long, bool, int)+0x5b5
V  [libjvm.so+0x43f04f]  GenCollectorPolicy::satisfy_failed_allocation(unsigned long, bool)+0x14f
V  [libjvm.so+0xa36b61]  VM_GenCollectForAllocation::doit()+0x81
V  [libjvm.so+0xa3c6b7]  VM_Operation::evaluate()+0x47
V  [libjvm.so+0xa39f47]  VMThread::evaluate_operation(VM_Operation*) [clone .constprop.31]+0x97
V  [libjvm.so+0xa3b24e]  VMThread::loop()+0x21e
V  [libjvm.so+0xa3b742]  VMThread::run()+0x72
V  [libjvm.so+0x88af02]  java_start(Thread*)+0xf2

VM_Operation (0x00007fcacc153ca0): GenCollectForAllocation, mode: safepoint, requested by thread 0x00007fcab8003000


---------------  P R O C E S S  ---------------

Java Threads: ( => current thread )
  0x00007fcab4182800 JavaThread "RMI RenewClean-[localhost:38459,org.jetbrains.kotlin.daemon.common.LoopbackNetworkInterface$ClientLoopbackSocketFactory@6027afc5]" daemon [_thread_blocked, id=3878, stack(0x00007fcad49d5000,0x00007fcad4ad6000)]
  0x00007fcab8003000 JavaThread "RMI TCP Connection(37)-127.0.0.1" daemon [_thread_blocked, id=3877, stack(0x00007fcacc058000,0x00007fcacc159000)]
  0x00007fcab8036000 JavaThread "RMI TCP Connection(36)-127.0.0.1" daemon [_thread_in_native, id=3875, stack(0x00007fcacd64f000,0x00007fcacd750000)]
  0x00007fcae422e000 JavaThread "RMI RenewClean-[localhost:38459,org.jetbrains.kotlin.daemon.common.LoopbackNetworkInterface$ClientLoopbackSocketFactory@43160349]" daemon [_thread_blocked, id=3871, stack(0x00007fcad42d0000,0x00007fcad43d1000)]
  0x00007fcab8001800 JavaThread "RMI TCP Connection(35)-127.0.0.1" daemon [_thread_in_native, id=3868, stack(0x00007fcad41cf000,0x00007fcad42d0000)]
  0x0000559482b70000 JavaThread "RMI RenewClean-[localhost:38335,org.jetbrains.kotlin.daemon.common.LoopbackNetworkInterface$ClientLoopbackSocketFactory@6d30c6c4]" daemon [_thread_blocked, id=3728, stack(0x00007fcaaf41d000,0x00007fcaaf51e000)]
  0x00007fcac01e8800 JavaThread "RMI RenewClean-[localhost:38335,org.jetbrains.kotlin.daemon.common.LoopbackNetworkInterface$ClientLoopbackSocketFactory@6f924e4f]" daemon [_thread_blocked, id=3722, stack(0x00007fcad40ce000,0x00007fcad41cf000)]
  0x00007fcac8016000 JavaThread "RMI Scheduler(0)" daemon [_thread_blocked, id=3081, stack(0x00007fcad43d1000,0x00007fcad44d2000)]
  0x00007fcae400b800 JavaThread "DestroyJavaVM" [_thread_blocked, id=3066, stack(0x00007fcaecedb000,0x00007fcaecfdc000)]
  0x00007fcae4329000 JavaThread "GC Daemon" daemon [_thread_blocked, id=3079, stack(0x00007fcad47d3000,0x00007fcad48d4000)]
  0x00007fcae432c000 JavaThread "RMI Reaper" [_thread_blocked, id=3078, stack(0x00007fcad48d4000,0x00007fcad49d5000)]
  0x00007fcae436c000 JavaThread "Timer-0" daemon [_thread_blocked, id=3076, stack(0x00007fcad4ad6000,0x00007fcad4bd7000)]
  0x00007fcae436a000 JavaThread "RMI TCP Accept-17201" daemon [_thread_in_native, id=3075, stack(0x00007fcae802a000,0x00007fcae812b000)]
  0x00007fcae40b5000 JavaThread "Service Thread" daemon [_thread_blocked, id=3073, stack(0x00007fcae86f9000,0x00007fcae87fa000)]
  0x00007fcae40b2000 JavaThread "C1 CompilerThread1" daemon [_thread_blocked, id=3072, stack(0x00007fcae87fa000,0x00007fcae88fb000)]
  0x00007fcae40b0000 JavaThread "C2 CompilerThread0" daemon [_thread_blocked, id=3071, stack(0x00007fcae88fb000,0x00007fcae89fc000)]
  0x00007fcae40ae800 JavaThread "Signal Dispatcher" daemon [_thread_blocked, id=3070, stack(0x00007fcae89fc000,0x00007fcae8afd000)]
  0x00007fcae407b800 JavaThread "Finalizer" daemon [_thread_blocked, id=3069, stack(0x00007fcae8afd000,0x00007fcae8bfe000)]
  0x00007fcae4077000 JavaThread "Reference Handler" daemon [_thread_blocked, id=3068, stack(0x00007fcae8bfe000,0x00007fcae8cff000)]

Other Threads:
=>0x00007fcae406f800 VMThread [stack: 0x00007fcae8cff000,0x00007fcae8e00000] [id=3067]
  0x00007fcae40b8000 WatcherThread [stack: 0x00007fcae85f8000,0x00007fcae86f9000] [id=3074]

VM state:at safepoint (normal execution)

VM Mutex/Monitor currently owned by a thread:  ([mutex/lock_event])
[0x00007fcae4007b50] Threads_lock - owner thread: 0x00007fcae406f800
[0x00007fcae4008050] Heap_lock - owner thread: 0x00007fcab8003000

Heap:
 def new generation   total 60160K, used 60159K [0x00000000a0000000, 0x00000000a4140000, 0x00000000c0000000)
  eden space 53504K, 100% used [0x00000000a0000000, 0x00000000a3440000, 0x00000000a3440000)
  from space 6656K,  99% used [0x00000000a3440000, 0x00000000a3abfff8, 0x00000000a3ac0000)
  to   space 6656K,  30% used [0x00000000a3ac0000, 0x00000000a3cb7a68, 0x00000000a4140000)
 tenured generation   total 133580K, used 119073K [0x00000000c0000000, 0x00000000c8273000, 0x0000000100000000)
   the space 133580K,  89% used [0x00000000c0000000, 0x00000000c7448690, 0x00000000c7448800, 0x00000000c8273000)
 Metaspace       used 84321K, capacity 86241K, committed 87344K, reserved 1126400K
  class space    used 9769K, capacity 10238K, committed 10544K, reserved 1048576K

Card table byte_map: [0x00007fcae9a48000,0x00007fcae9d49000] byte_map_base: 0x00007fcae9548000

Polling page: 0x00007fcaecffa000

CodeCache: size=245760Kb used=40996Kb max_used=41030Kb free=204764Kb
 bounds [0x00007fcad5000000, 0x00007fcad7890000, 0x00007fcae4000000]
 total_blobs=13895 nmethods=13335 adapters=471
 compilation: enabled

Compilation events (10 events):
Event: 4360.329 Thread 0x00007fcae40b0000 18409       4       com.sun.tools.javac.tree.JCTree$JCNewArray::accept (6 bytes)
Event: 4360.331 Thread 0x00007fcae40b0000 nmethod 18409 0x00007fcad5ed6ad0 code [0x00007fcad5ed6c20, 0x00007fcad5ed6c98]
Event: 4360.340 Thread 0x00007fcae40b0000 18410       4       com.sun.tools.javac.processing.JavacProcessingEnvironment$1::visitIdent (11 bytes)
Event: 4360.342 Thread 0x00007fcae40b0000 nmethod 18410 0x00007fcad5fb85d0 code [0x00007fcad5fb8720, 0x00007fcad5fb8798]
Event: 4360.344 Thread 0x00007fcae40b2000 18411       3       com.sun.tools.javac.tree.TreeScanner::visitBlock (9 bytes)
Event: 4360.344 Thread 0x00007fcae40b2000 nmethod 18411 0x00007fcad5fde910 code [0x00007fcad5fdea80, 0x00007fcad5fdec80]
Event: 4360.348 Thread 0x00007fcae40b2000 18412       3       com.sun.tools.javac.comp.AttrContext::<init> (50 bytes)
Event: 4360.349 Thread 0x00007fcae40b2000 nmethod 18412 0x00007fcad5fde4d0 code [0x00007fcad5fde640, 0x00007fcad5fde870]
Event: 4360.350 Thread 0x00007fcae40b2000 18413       3       com.sun.tools.javac.tree.JCTree$Visitor::visitVarDef (6 bytes)
Event: 4360.354 Thread 0x00007fcae40b2000 nmethod 18413 0x00007fcad5fde0d0 code [0x00007fcad5fde240, 0x00007fcad5fde440]

GC Heap History (10 events):
Event: 4345.068 GC heap after
Heap after GC invocations=83 (full 10):
 def new generation   total 60160K, used 6656K [0x00000000a0000000, 0x00000000a4140000, 0x00000000c0000000)
  eden space 53504K,   0% used [0x00000000a0000000, 0x00000000a0000000, 0x00000000a3440000)
  from space 6656K, 100% used [0x00000000a3440000, 0x00000000a3ac0000, 0x00000000a3ac0000)
  to   space 6656K,   0% used [0x00000000a3ac0000, 0x00000000a3ac0000, 0x00000000a4140000)
 tenured generation   total 133580K, used 80247K [0x00000000c0000000, 0x00000000c8273000, 0x0000000100000000)
   the space 133580K,  60% used [0x00000000c0000000, 0x00000000c4e5de18, 0x00000000c4e5e000, 0x00000000c8273000)
 Metaspace       used 79334K, capacity 81281K, committed 87344K, reserved 1126400K
  class space    used 9149K, capacity 9630K, committed 10544K, reserved 1048576K
}
Event: 4346.803 GC heap before
{Heap before GC invocations=83 (full 10):
 def new generation   total 60160K, used 60160K [0x00000000a0000000, 0x00000000a4140000, 0x00000000c0000000)
  eden space 53504K, 100% used [0x00000000a0000000, 0x00000000a3440000, 0x00000000a3440000)
  from space 6656K, 100% used [0x00000000a3440000, 0x00000000a3ac0000, 0x00000000a3ac0000)
  to   space 6656K,   0% used [0x00000000a3ac0000, 0x00000000a3ac0000, 0x00000000a4140000)
 tenured generation   total 133580K, used 80247K [0x00000000c0000000, 0x00000000c8273000, 0x0000000100000000)
   the space 133580K,  60% used [0x00000000c0000000, 0x00000000c4e5de18, 0x00000000c4e5e000, 0x00000000c8273000)
 Metaspace       used 79339K, capacity 81281K, committed 87344K, reserved 1126400K
  class space    used 9150K, capacity 9630K, committed 10544K, reserved 1048576K
Event: 4347.202 GC heap after
Heap after GC invocations=84 (full 10):
 def new generation   total 60160K, used 6656K [0x00000000a0000000, 0x00000000a4140000, 0x00000000c0000000)
  eden space 53504K,   0% used [0x00000000a0000000, 0x00000000a0000000, 0x00000000a3440000)
  from space 6656K, 100% used [0x00000000a3ac0000, 0x00000000a4140000, 0x00000000a4140000)
  to   space 6656K,   0% used [0x00000000a3440000, 0x00000000a3440000, 0x00000000a3ac0000)
 tenured generation   total 133580K, used 91715K [0x00000000c0000000, 0x00000000c8273000, 0x0000000100000000)
   the space 133580K,  68% used [0x00000000c0000000, 0x00000000c5990e28, 0x00000000c5991000, 0x00000000c8273000)
 Metaspace       used 79339K, capacity 81281K, committed 87344K, reserved 1126400K
  class space    used 9150K, capacity 9630K, committed 10544K, reserved 1048576K
}
Event: 4354.154 GC heap before
{Heap before GC invocations=84 (full 10):
 def new generation   total 60160K, used 60160K [0x00000000a0000000, 0x00000000a4140000, 0x00000000c0000000)
  eden space 53504K, 100% used [0x00000000a0000000, 0x00000000a3440000, 0x00000000a3440000)
  from space 6656K, 100% used [0x00000000a3ac0000, 0x00000000a4140000, 0x00000000a4140000)
  to   space 6656K,   0% used [0x00000000a3440000, 0x00000000a3440000, 0x00000000a3ac0000)
 tenured generation   total 133580K, used 91715K [0x00000000c0000000, 0x00000000c8273000, 0x0000000100000000)
   the space 133580K,  68% used [0x00000000c0000000, 0x00000000c5990e28, 0x00000000c5991000, 0x00000000c8273000)
 Metaspace       used 83972K, capacity 85953K, committed 87344K, reserved 1126400K
  class space    used 9730K, capacity 10206K, committed 10544K, reserved 1048576K
Event: 4354.389 GC heap after
Heap after GC invocations=85 (full 10):
 def new generation   total 60160K, used 5744K [0x00000000a0000000, 0x00000000a4140000, 0x00000000c0000000)
  eden space 53504K,   0% used [0x00000000a0000000, 0x00000000a0000000, 0x00000000a3440000)
  from space 6656K,  86% used [0x00000000a3440000, 0x00000000a39dc028, 0x00000000a3ac0000)
  to   space 6656K,   0% used [0x00000000a3ac0000, 0x00000000a3ac0000, 0x00000000a4140000)
 tenured generation   total 133580K, used 98360K [0x00000000c0000000, 0x00000000c8273000, 0x0000000100000000)
   the space 133580K,  73% used [0x00000000c0000000, 0x00000000c600e0c8, 0x00000000c600e200, 0x00000000c8273000)
 Metaspace       used 83972K, capacity 85953K, committed 87344K, reserved 1126400K
  class space    used 9730K, capacity 10206K, committed 10544K, reserved 1048576K
}
Event: 4357.477 GC heap before
{Heap before GC invocations=85 (full 10):
 def new generation   total 60160K, used 59248K [0x00000000a0000000, 0x00000000a4140000, 0x00000000c0000000)
  eden space 53504K, 100% used [0x00000000a0000000, 0x00000000a3440000, 0x00000000a3440000)
  from space 6656K,  86% used [0x00000000a3440000, 0x00000000a39dc028, 0x00000000a3ac0000)
  to   space 6656K,   0% used [0x00000000a3ac0000, 0x00000000a3ac0000, 0x00000000a4140000)
 tenured generation   total 133580K, used 98360K [0x00000000c0000000, 0x00000000c8273000, 0x0000000100000000)
   the space 133580K,  73% used [0x00000000c0000000, 0x00000000c600e0c8, 0x00000000c600e200, 0x00000000c8273000)
 Metaspace       used 84292K, capacity 86241K, committed 87344K, reserved 1126400K
  class space    used 9762K, capacity 10238K, committed 10544K, reserved 1048576K
Event: 4357.787 GC heap after
Heap after GC invocations=86 (full 10):
 def new generation   total 60160K, used 6656K [0x00000000a0000000, 0x00000000a4140000, 0x00000000c0000000)
  eden space 53504K,   0% used [0x00000000a0000000, 0x00000000a0000000, 0x00000000a3440000)
  from space 6656K, 100% used [0x00000000a3ac0000, 0x00000000a4140000, 0x00000000a4140000)
  to   space 6656K,   0% used [0x00000000a3440000, 0x00000000a3440000, 0x00000000a3ac0000)
 tenured generation   total 133580K, used 108212K [0x00000000c0000000, 0x00000000c8273000, 0x0000000100000000)
   the space 133580K,  81% used [0x00000000c0000000, 0x00000000c69ad330, 0x00000000c69ad400, 0x00000000c8273000)
 Metaspace       used 84292K, capacity 86241K, committed 87344K, reserved 1126400K
  class space    used 9762K, capacity 10238K, committed 10544K, reserved 1048576K
}
Event: 4358.771 GC heap before
{Heap before GC invocations=86 (full 10):
 def new generation   total 60160K, used 60160K [0x00000000a0000000, 0x00000000a4140000, 0x00000000c0000000)
  eden space 53504K, 100% used [0x00000000a0000000, 0x00000000a3440000, 0x00000000a3440000)
  from space 6656K, 100% used [0x00000000a3ac0000, 0x00000000a4140000, 0x00000000a4140000)
  to   space 6656K,   0% used [0x00000000a3440000, 0x00000000a3440000, 0x00000000a3ac0000)
 tenured generation   total 133580K, used 108212K [0x00000000c0000000, 0x00000000c8273000, 0x0000000100000000)
   the space 133580K,  81% used [0x00000000c0000000, 0x00000000c69ad330, 0x00000000c69ad400, 0x00000000c8273000)
 Metaspace       used 84320K, capacity 86241K, committed 87344K, reserved 1126400K
  class space    used 9769K, capacity 10238K, committed 10544K, reserved 1048576K
Event: 4359.149 GC heap after
Heap after GC invocations=87 (full 10):
 def new generation   total 60160K, used 6655K [0x00000000a0000000, 0x00000000a4140000, 0x00000000c0000000)
  eden space 53504K,   0% used [0x00000000a0000000, 0x00000000a0000000, 0x00000000a3440000)
  from space 6656K,  99% used [0x00000000a3440000, 0x00000000a3abfff8, 0x00000000a3ac0000)
  to   space 6656K,   0% used [0x00000000a3ac0000, 0x00000000a3ac0000, 0x00000000a4140000)
 tenured generation   total 133580K, used 116776K [0x00000000c0000000, 0x00000000c8273000, 0x0000000100000000)
   the space 133580K,  87% used [0x00000000c0000000, 0x00000000c720a3a8, 0x00000000c720a400, 0x00000000c8273000)
 Metaspace       used 84320K, capacity 86241K, committed 87344K, reserved 1126400K
  class space    used 9769K, capacity 10238K, committed 10544K, reserved 1048576K
}
Event: 4360.373 GC heap before
{Heap before GC invocations=87 (full 10):
 def new generation   total 60160K, used 60159K [0x00000000a0000000, 0x00000000a4140000, 0x00000000c0000000)
  eden space 53504K, 100% used [0x00000000a0000000, 0x00000000a3440000, 0x00000000a3440000)
  from space 6656K,  99% used [0x00000000a3440000, 0x00000000a3abfff8, 0x00000000a3ac0000)
  to   space 6656K,   0% used [0x00000000a3ac0000, 0x00000000a3ac0000, 0x00000000a4140000)
 tenured generation   total 133580K, used 116776K [0x00000000c0000000, 0x00000000c8273000, 0x0000000100000000)
   the space 133580K,  87% used [0x00000000c0000000, 0x00000000c720a3a8, 0x00000000c720a400, 0x00000000c8273000)
 Metaspace       used 84321K, capacity 86241K, committed 87344K, reserved 1126400K
  class space    used 9769K, capacity 10238K, committed 10544K, reserved 1048576K

Deoptimization events (10 events):
Event: 4335.720 Thread 0x00007fcab8001800 Uncommon trap: reason=class_check action=maybe_recompile pc=0x00007fcad6fc89dc method=java.io.DataOutputStream.writeUTF(Ljava/lang/String;Ljava/io/DataOutput;)I @ 111
Event: 4335.721 Thread 0x00007fcab8001800 Uncommon trap: reason=class_check action=maybe_recompile pc=0x00007fcad6fc89dc method=java.io.DataOutputStream.writeUTF(Ljava/lang/String;Ljava/io/DataOutput;)I @ 111
Event: 4336.136 Thread 0x00007fcab8001800 Uncommon trap: reason=class_check action=maybe_recompile pc=0x00007fcad679ff88 method=java.io.DataOutputStream.writeUTF(Ljava/lang/String;Ljava/io/DataOutput;)I @ 426
Event: 4336.137 Thread 0x00007fcab8001800 Uncommon trap: reason=class_check action=maybe_recompile pc=0x00007fcad679ff88 method=java.io.DataOutputStream.writeUTF(Ljava/lang/String;Ljava/io/DataOutput;)I @ 426
Event: 4352.466 Thread 0x00007fcab8003000 Uncommon trap: reason=class_check action=maybe_recompile pc=0x00007fcad5d7a754 method=com.sun.tools.javac.code.Types$SameTypeVisitor.visitType(Lcom/sun/tools/javac/code/Type;Lcom/sun/tools/javac/code/Type;)Ljava/lang/Boolean; @ 31
Event: 4352.466 Thread 0x00007fcab8003000 Uncommon trap: reason=class_check action=maybe_recompile pc=0x00007fcad5d7a754 method=com.sun.tools.javac.code.Types$SameTypeVisitor.visitType(Lcom/sun/tools/javac/code/Type;Lcom/sun/tools/javac/code/Type;)Ljava/lang/Boolean; @ 31
Event: 4352.466 Thread 0x00007fcab8003000 Uncommon trap: reason=class_check action=maybe_recompile pc=0x00007fcad5d7a754 method=com.sun.tools.javac.code.Types$SameTypeVisitor.visitType(Lcom/sun/tools/javac/code/Type;Lcom/sun/tools/javac/code/Type;)Ljava/lang/Boolean; @ 31
Event: 4352.467 Thread 0x00007fcab8003000 Uncommon trap: reason=class_check action=maybe_recompile pc=0x00007fcad5d7a754 method=com.sun.tools.javac.code.Types$SameTypeVisitor.visitType(Lcom/sun/tools/javac/code/Type;Lcom/sun/tools/javac/code/Type;)Ljava/lang/Boolean; @ 31
Event: 4352.501 Thread 0x00007fcab8003000 Uncommon trap: reason=class_check action=maybe_recompile pc=0x00007fcad5232e24 method=com.sun.tools.javac.code.Types$SameTypeVisitor.visitType(Lcom/sun/tools/javac/code/Type;Lcom/sun/tools/javac/code/Type;)Ljava/lang/Boolean; @ 31
Event: 4354.663 Thread 0x00007fcab8003000 Uncommon trap: reason=class_check action=maybe_recompile pc=0x00007fcad5313004 method=com.sun.tools.javac.code.Type$ClassType.allparams()Lcom/sun/tools/javac/util/List; @ 16

Classes redefined (0 events):
No events

Internal exceptions (10 events):
Event: 4320.977 Thread 0x00007fcae407b800 Exception <a 'java/lang/NoClassDefFoundError': org/sqlite/SQLiteErrorCode> (0x00000000a00b7d48) thrown at [/usr/local/google/home/ralucas/source/AOSP-openjdk-git/jdk8u/hotspot/src/share/vm/oops/constantPool.cpp, line 235]
Event: 4320.977 Thread 0x00007fcae407b800 Exception <a 'java/lang/NoClassDefFoundError': org/sqlite/SQLiteErrorCode> (0x00000000a00b7fb0) thrown at [/usr/local/google/home/ralucas/source/AOSP-openjdk-git/jdk8u/hotspot/src/share/vm/oops/constantPool.cpp, line 235]
Event: 4320.977 Thread 0x00007fcae407b800 Exception <a 'java/lang/NoClassDefFoundError': org/sqlite/SQLiteErrorCode> (0x00000000a00b8218) thrown at [/usr/local/google/home/ralucas/source/AOSP-openjdk-git/jdk8u/hotspot/src/share/vm/oops/constantPool.cpp, line 235]
Event: 4320.977 Thread 0x00007fcae407b800 Exception <a 'java/lang/NoClassDefFoundError': org/sqlite/SQLiteErrorCode> (0x00000000a00b8480) thrown at [/usr/local/google/home/ralucas/source/AOSP-openjdk-git/jdk8u/hotspot/src/share/vm/oops/constantPool.cpp, line 235]
Event: 4320.977 Thread 0x00007fcae407b800 Exception <a 'java/lang/NoClassDefFoundError': org/sqlite/SQLiteErrorCode> (0x00000000a00b86e8) thrown at [/usr/local/google/home/ralucas/source/AOSP-openjdk-git/jdk8u/hotspot/src/share/vm/oops/constantPool.cpp, line 235]
Event: 4320.977 Thread 0x00007fcae407b800 Exception <a 'java/lang/NoClassDefFoundError': org/sqlite/SQLiteErrorCode> (0x00000000a00b8950) thrown at [/usr/local/google/home/ralucas/source/AOSP-openjdk-git/jdk8u/hotspot/src/share/vm/oops/constantPool.cpp, line 235]
Event: 4320.977 Thread 0x00007fcae407b800 Exception <a 'java/lang/NoClassDefFoundError': org/sqlite/SQLiteErrorCode> (0x00000000a00b8bb8) thrown at [/usr/local/google/home/ralucas/source/AOSP-openjdk-git/jdk8u/hotspot/src/share/vm/oops/constantPool.cpp, line 235]
Event: 4320.978 Thread 0x00007fcae407b800 Exception <a 'java/lang/NoClassDefFoundError': org/sqlite/SQLiteErrorCode> (0x00000000a00b8e20) thrown at [/usr/local/google/home/ralucas/source/AOSP-openjdk-git/jdk8u/hotspot/src/share/vm/oops/constantPool.cpp, line 235]
Event: 4323.386 Thread 0x00007fcab8001800 Implicit null exception at 0x00007fcad5911295 to 0x00007fcad591266d
Event: 4339.289 Thread 0x00007fcab4182800 Exception <a 'java/lang/InterruptedException'> (0x00000000a1a0cb88) thrown at [/usr/local/google/home/ralucas/source/AOSP-openjdk-git/jdk8u/hotspot/src/share/vm/runtime/objectMonitor.cpp, line 1684]

Events (10 events):
Event: 4358.485 loading class com/google/common/collect/ForwardingCollection done
Event: 4358.494 loading class com/google/common/collect/ForwardingObject
Event: 4358.494 loading class com/google/common/collect/ForwardingObject done
Event: 4358.496 loading class com/google/common/collect/Maps$FilteredEntryMap$EntrySet$1
Event: 4358.496 loading class com/google/common/collect/Maps$FilteredEntryMap$EntrySet$1 done
Event: 4358.752 Executing VM operation: GenCollectForAllocation
Event: 4359.152 Executing VM operation: GenCollectForAllocation done
Event: 4360.273 loading class kotlin/collections/ArraysKt
Event: 4360.273 loading class kotlin/collections/ArraysKt done
Event: 4360.356 Executing VM operation: GenCollectForAllocation


Dynamic libraries:
a0000000-a4140000 rw-p 00000000 00:00 0 
a4140000-c0000000 ---p 00000000 00:00 0 
c0000000-c8273000 rw-p 00000000 00:00 0 
c8273000-100000000 ---p 00000000 00:00 0 
100000000-100a4c000 rw-p 00000000 00:00 0 
100a4c000-140000000 ---p 00000000 00:00 0 
559481cf5000-559481cf6000 r-xp 00000000 08:02 1854725                    /home/isanechek/ass/preview/android-studio/jre/jre/bin/java
559481ef5000-559481ef6000 r--p 00000000 08:02 1854725                    /home/isanechek/ass/preview/android-studio/jre/jre/bin/java
559481ef6000-559481ef7000 rw-p 00001000 08:02 1854725                    /home/isanechek/ass/preview/android-studio/jre/jre/bin/java
559482b5b000-559482da5000 rw-p 00000000 00:00 0                          [heap]
7fcaaea26000-7fcaaeb26000 rw-p 00000000 00:00 0 
7fcaaeb26000-7fcaaec26000 ---p 00000000 00:00 0 
7fcaaec26000-7fcaaee26000 rw-p 00000000 00:00 0 
7fcaaef33000-7fcaaf018000 r-xp 00000000 08:02 5277020                    /tmp/room-363faa75-8e31-4640-800e-8aa35da1e87c/sqlite-3.20.1-f267a8e1-b4ef-4541-913a-334906ab2152-libsqlitejdbc.so
7fcaaf018000-7fcaaf217000 ---p 000e5000 08:02 5277020                    /tmp/room-363faa75-8e31-4640-800e-8aa35da1e87c/sqlite-3.20.1-f267a8e1-b4ef-4541-913a-334906ab2152-libsqlitejdbc.so
7fcaaf217000-7fcaaf21c000 rw-p 000e4000 08:02 5277020                    /tmp/room-363faa75-8e31-4640-800e-8aa35da1e87c/sqlite-3.20.1-f267a8e1-b4ef-4541-913a-334906ab2152-libsqlitejdbc.so
7fcaaf21c000-7fcaaf41d000 rw-p 00000000 00:00 0 
7fcaaf41d000-7fcaaf420000 ---p 00000000 00:00 0 
7fcaaf420000-7fcaaf71e000 rw-p 00000000 00:00 0 
7fcaaf907000-7fcaafa14000 r--s 01b1d000 08:02 6705062                    /home/isanechek/Android/Sdk/platforms/android-27/android.jar
7fcaafa14000-7fcaafa17000 ---p 00000000 00:00 0 
7fcaafa17000-7fcaafd15000 rw-p 00000000 00:00 0 
7fcaafdff000-7fcaaffff000 rw-p 00000000 00:00 0 
7fcaaffff000-7fcab01ff000 rw-p 00000000 00:00 0 
7fcab01ff000-7fcab03ff000 rw-p 00000000 00:00 0 
7fcab03ff000-7fcab05ff000 rw-p 00000000 00:00 0 
7fcab05ff000-7fcab07ff000 rw-p 00000000 00:00 0 
7fcab07ff000-7fcab09ff000 rw-p 00000000 00:00 0 
7fcab09ff000-7fcab0bff000 rw-p 00000000 00:00 0 
7fcab0bff000-7fcab0dff000 rw-p 00000000 00:00 0 
7fcab0dff000-7fcab0fff000 rw-p 00000000 00:00 0 
7fcab0fff000-7fcab4000000 rw-p 00000000 00:00 0 
7fcab4000000-7fcab5a1a000 rw-p 00000000 00:00 0 
7fcab5a1a000-7fcab8000000 ---p 00000000 00:00 0 
7fcab8000000-7fcab8306000 rw-p 00000000 00:00 0 
7fcab8306000-7fcabc000000 ---p 00000000 00:00 0 
7fcabc000000-7fcabc021000 rw-p 00000000 00:00 0 
7fcabc021000-7fcac0000000 ---p 00000000 00:00 0 
7fcac0000000-7fcac1a58000 rw-p 00000000 00:00 0 
7fcac1a58000-7fcac4000000 ---p 00000000 00:00 0 
7fcac4000000-7fcac44e7000 rw-p 00000000 00:00 0 
7fcac44e7000-7fcac8000000 ---p 00000000 00:00 0 
7fcac8000000-7fcac8021000 rw-p 00000000 00:00 0 
7fcac8021000-7fcacc000000 ---p 00000000 00:00 0 
7fcacc058000-7fcacc05b000 ---p 00000000 00:00 0 
7fcacc05b000-7fcacc359000 rw-p 00000000 00:00 0 
7fcacc359000-7fcacc559000 rw-p 00000000 00:00 0 
7fcacc559000-7fcacc759000 rw-p 00000000 00:00 0 
7fcacc759000-7fcacc959000 rw-p 00000000 00:00 0 
7fcacc959000-7fcaccb59000 rw-p 00000000 00:00 0 
7fcaccb59000-7fcaccd59000 rw-p 00000000 00:00 0 
7fcaccdf8000-7fcaccdf9000 r--s 00000000 08:02 5270633                    /home/isanechek/.gradle/caches/modules-2/files-2.1/com.github.jitpack/gradle-simple/1.0/5dba87fde90e1f3b227836684f52de4796b4927c/gradle-simple-1.0.jar
7fcaccdf9000-7fcaccdfe000 r--s 00034000 08:02 5261432                    /home/isanechek/.gradle/caches/modules-2/files-2.1/com.google.code.gson/gson/2.7/751f548c85fa49f330cecbb1875893f971b33c4e/gson-2.7.jar
7fcaccdfe000-7fcaccdff000 r--s 00014000 08:02 5255080                    /home/isanechek/.gradle/caches/modules-2/files-2.1/com.squareup.okio/okio/1.14.0/102d7be47241d781ef95f1581d414b0943053130/okio-1.14.0.jar
7fcaccdff000-7fcacce00000 r--s 00000000 08:02 5274091                    /home/isanechek/.gradle/caches/modules-2/files-2.1/com.github.bumptech.glide/annotations/4.6.1/278bafb890704b66a1d6a8a98d0790f940aa5a22/annotations-4.6.1.jar
7fcacce00000-7fcacce01000 r--s 00004000 08:02 5274090                    /home/isanechek/.gradle/caches/modules-2/files-2.1/com.github.bumptech.glide/disklrucache/4.6.1/2f82d433b9dae134a9b32039a6b5b38abe8a1c46/disklrucache-4.6.1.jar
7fcacce01000-7fcacce04000 r--s 00019000 08:02 5275581                    /home/isanechek/.gradle/caches/modules-2/files-2.1/com.android.support.constraint/constraint-layout-solver/1.1.0/931532e953a477f876f2de18c2e7f16eee01078f/constraint-layout-solver-1.1.0.jar
7fcacce04000-7fcacce06000 r--s 00005000 08:02 5275490                    /home/isanechek/.gradle/caches/modules-2/files-2.1/com.android.support/support-annotations/27.1.1/39ded76b5e1ce1c5b2688e1d25cdc20ecee32007/support-annotations-27.1.1.jar
7fcacce06000-7fcacce07000 r--s 00004000 08:02 8795687                    /home/isanechek/.gradle/caches/transforms-1/files-1.1/gifdecoder-4.6.1.aar/705fc76bcf380452b3790137079ba2c2/jars/classes.jar
7fcacce07000-7fcacce08000 r--s 00001000 08:02 6050007                    /home/isanechek/.gradle/caches/transforms-1/files-1.1/viewmodel-1.1.1.aar/92d2ca3ff5fef54ffcd77065d43944fe/jars/classes.jar
7fcacce08000-7fcacce0a000 r--s 00004000 08:02 5274052                    /home/isanechek/.gradle/caches/modules-2/files-2.1/android.arch.lifecycle/common/1.1.1/207a6efae6a3555e326de41f76bdadd9a239cbce/common-1.1.1.jar
7fcacce0a000-7fcacce0b000 r--s 00002000 08:02 5274051                    /home/isanechek/.gradle/caches/modules-2/files-2.1/android.arch.core/common/1.1.1/e55b70d1f5620db124b3e85a7f4bdc7bd48d9f95/common-1.1.1.jar
7fcacce0b000-7fcacce0e000 r--s 00011000 08:02 5275489                    /home/isanechek/.gradle/caches/modules-2/files-2.1/android.arch.paging/common/1.0.0-beta1/72dc7f412fb0701219ee3a10812632bde57173c4/common-1.0.0-beta1.jar
7fcacce0e000-7fcacce0f000 r--s 00002000 08:02 5919039                    /home/isanechek/.gradle/caches/transforms-1/files-1.1/runtime-1.1.1.aar/92e05b1d3ec612b8ab63b2ae6a688daf/jars/classes.jar
7fcacce0f000-7fcacce11000 r--s 00000000 08:02 5919033                    /home/isanechek/.gradle/caches/transforms-1/files-1.1/runtime-1.1.1.aar/152581af6be056586d327c5513ae3623/jars/classes.jar
7fcacce11000-7fcacce13000 r--s 00001000 08:02 5786234                    /home/isanechek/.gradle/caches/transforms-1/files-1.1/livedata-core-1.1.1.aar/4d40c549200b49d5736819634e93ed02/jars/classes.jar
7fcacce13000-7fcacce14000 r--s 00002000 08:02 5786229                    /home/isanechek/.gradle/caches/transforms-1/files-1.1/livedata-1.1.1.aar/5ef8afab0f4212e0ed23d7cac05e96fe/jars/classes.jar
7fcacce14000-7fcacce16000 r--s 00002000 08:02 4345496                    /home/isanechek/.gradle/caches/transforms-1/files-1.1/db-1.0.0.aar/1c5e3cbc3a54dc633c6870f4ae66d161/jars/classes.jar
7fcacce16000-7fcacce18000 r--s 00002000 08:02 3819560                    /home/isanechek/.gradle/caches/transforms-1/files-1.1/db-framework-1.0.0.aar/62b28b429e3761be9ca244090de60962/jars/classes.jar
7fcacce18000-7fcacce24000 r--s 00080000 08:02 263422                     /home/isanechek/.gradle/caches/transforms-1/files-1.1/support-compat-27.1.1.aar/c59976b096869bcea51a86a75fa51281/jars/classes.jar
7fcacce24000-7fcacce29000 r--s 0002c000 08:02 263206                     /home/isanechek/.gradle/caches/transforms-1/files-1.1/transition-27.1.1.aar/30b7b7b6eb6dbaadfcbe7d1842431de9/jars/classes.jar
7fcacce29000-7fcacce31000 r--s 0004c000 08:02 263185                     /home/isanechek/.gradle/caches/transforms-1/files-1.1/support-media-compat-27.1.1.aar/8eee71106d3ce06fe25a8e5fad5997dc/jars/classes.jar
7fcacce31000-7fcacce35000 r--s 00043000 08:02 263151                     /home/isanechek/.gradle/caches/transforms-1/files-1.1/support-core-ui-27.1.1.aar/ef2504b35c58763550512761903ba261/jars/classes.jar
7fcacce35000-7fcacce43000 r--s 00080000 08:02 5531036                    /home/isanechek/.gradle/caches/transforms-1/files-1.1/mobileads-2.62.aar/f73a5c6f2452d4defd04eb64b4b40485/jars/classes.jar
7fcacce43000-7fcacd043000 rw-p 00000000 00:00 0 
7fcacd043000-7fcacd243000 rw-p 00000000 00:00 0 
7fcacd243000-7fcacd443000 rw-p 00000000 00:00 0 
7fcacd443000-7fcacd643000 rw-p 00000000 00:00 0 
7fcacd643000-7fcacd644000 r--s 00007000 08:02 263161                     /home/isanechek/.gradle/caches/transforms-1/files-1.1/support-vector-drawable-27.1.1.aar/ac6adf8412b0acbfd163aded1d534858/jars/classes.jar
7fcacd644000-7fcacd64f000 r--s 00070000 08:02 6181065                    /home/isanechek/.gradle/caches/transforms-1/files-1.1/mobmetricalib-2.73.aar/8750e9a9dc646741e65003993d8740b2/jars/classes.jar
7fcacd64f000-7fcacd652000 ---p 00000000 00:00 0 
7fcacd652000-7fcacd950000 rw-p 00000000 00:00 0 
7fcacd950000-7fcacdb50000 rw-p 00000000 00:00 0 
7fcacdb50000-7fcacdd50000 rw-p 00000000 00:00 0 
7fcacdd50000-7fcacdf50000 rw-p 00000000 00:00 0 
7fcacdf50000-7fcace150000 rw-p 00000000 00:00 0 
7fcace150000-7fcace350000 rw-p 00000000 00:00 0 
7fcace350000-7fcace550000 rw-p 00000000 00:00 0 
7fcace550000-7fcace750000 rw-p 00000000 00:00 0 
7fcace750000-7fcace950000 rw-p 00000000 00:00 0 
7fcace950000-7fcad0000000 r--p 00000000 08:02 656621                     /usr/lib/locale/locale-archive
7fcad0000000-7fcad0819000 rw-p 00000000 00:00 0 
7fcad0819000-7fcad4000000 ---p 00000000 00:00 0 
7fcad4000000-7fcad4003000 r--s 00017000 08:02 263156                     /home/isanechek/.gradle/caches/transforms-1/files-1.1/support-core-utils-27.1.1.aar/37e41bee9278e55fde074515b466dc2c/jars/classes.jar
7fcad4003000-7fcad4004000 r--s 00008000 08:02 263147                     /home/isanechek/.gradle/caches/transforms-1/files-1.1/animated-vector-drawable-27.1.1.aar/adbbab9d1daf7c21340e31f152df760e/jars/classes.jar
7fcad4004000-7fcad4008000 r--s 00029000 08:02 263141                     /home/isanechek/.gradle/caches/transforms-1/files-1.1/support-fragment-27.1.1.aar/16cc40f95163891e37da40424dffe60c/jars/classes.jar
7fcad4008000-7fcad400a000 r--s 00006000 08:02 5276810                    /home/isanechek/.gradle/caches/transforms-1/files-1.1/PhotoView-2.1.3.aar/88f8363c91dfaa844edd78ba0552ceb5/jars/classes.jar
7fcad400a000-7fcad400f000 r--s 00060000 08:02 5255078                    /home/isanechek/.gradle/caches/modules-2/files-2.1/com.squareup.okhttp3/okhttp/3.10.0/7ef0f1d95bf4c0b3ba30bbae25e0e562b05cf75e/okhttp-3.10.0.jar
7fcad400f000-7fcad4012000 r--s 00014000 08:02 5261414                    /home/isanechek/.gradle/caches/modules-2/files-2.1/com.squareup.retrofit2/retrofit/2.3.0/bcacde6a8ccedcc56c127403d26b76072fe6214d/retrofit-2.3.0.jar
7fcad4012000-7fcad4013000 r--s 00001000 08:02 5261412                    /home/isanechek/.gradle/caches/modules-2/files-2.1/com.squareup.retrofit2/converter-gson/2.3.0/9e09011e9767bb76b5e27c9b8223476b93b14631/converter-gson-2.3.0.jar
7fcad4013000-7fcad4015000 r--s 00001000 08:02 5255095                    /home/isanechek/.gradle/caches/modules-2/files-2.1/com.squareup.okhttp3/logging-interceptor/3.10.0/55f574ec622f65ac9c0e2e922d3ffa01dc4f139e/logging-interceptor-3.10.0.jar
7fcad4015000-7fcad4019000 r--s 00025000 08:02 8795667                    /home/isanechek/.gradle/caches/transforms-1/files-1.1/gpuimage-library-1.4.1.aar/af72d57a536deca5a03a95fac2e0b39e/jars/classes.jar
7fcad4019000-7fcad4028000 r--s 00091000 08:02 8795660                    /home/isanechek/.gradle/caches/transforms-1/files-1.1/glide-4.6.1.aar/fea1d470c3719d0e4ac7001fddaf323e/jars/classes.jar
7fcad4028000-7fcad402a000 r--s 00009000 08:02 8795654                    /home/isanechek/.gradle/caches/transforms-1/files-1.1/glide-transformations-3.1.1.aar/41b2de3adcf8c4598095ff28027ead14/jars/classes.jar
7fcad402a000-7fcad402b000 r--s 00001000 08:02 4212864                    /home/isanechek/.gradle/caches/transforms-1/files-1.1/okhttp3-integration-4.5.0.aar/f82a015aad1bb93dd6abf5ec6bf1a03c/jars/classes.jar
7fcad402b000-7fcad402c000 r--s 00000000 08:02 5274048                    /home/isanechek/.gradle/caches/modules-2/files-2.1/android.arch.lifecycle/common-java8/1.1.1/795d68cd761d093ccb235d1d91b8fd17c2ae25ff/common-java8-1.1.1.jar
7fcad402c000-7fcad402e000 r--s 00004000 08:02 5276806                    /home/isanechek/.gradle/caches/transforms-1/files-1.1/extensions-1.1.1.aar/22b565086dbb599bf8d8499918b87aea/jars/classes.jar
7fcad402e000-7fcad4030000 r--s 0000b000 08:02 7230600                    /home/isanechek/.gradle/caches/transforms-1/files-1.1/runtime-1.0.0.aar/b2d2b3834f2f43708d339635d58a1c3d/jars/classes.jar
7fcad4030000-7fcad4031000 r--s 0000e000 08:02 5531031                    /home/isanechek/.gradle/caches/transforms-1/files-1.1/constraint-layout-1.1.0.aar/e7be18da522bb64b3ece6047b972b64c/jars/classes.jar
7fcad4031000-7fcad4033000 r--s 00004000 08:02 263129                     /home/isanechek/.gradle/caches/transforms-1/files-1.1/cardview-v7-27.1.1.aar/341a50ac524e46b3dd0fd5a841017bc5/jars/classes.jar
7fcad4033000-7fcad4039000 r--s 00058000 08:02 263119                     /home/isanechek/.gradle/caches/transforms-1/files-1.1/recyclerview-v7-27.1.1.aar/4d208775974e5368e8de1e7616491189/jars/classes.jar
7fcad4039000-7fcad403b000 r--s 0000b000 08:02 3679285                    /home/isanechek/.gradle/caches/transforms-1/files-1.1/recyclerview-animators-2.3.0.aar/6fa746762e6da3076b981405e194020b/jars/classes.jar
7fcad403b000-7fcad403d000 r--s 00003000 08:02 6844829                    /home/isanechek/.gradle/caches/transforms-1/files-1.1/runtime-1.0.0-beta1.aar/482318a1603e0c283db0599eceef7996/jars/classes.jar
7fcad403d000-7fcad4048000 r--s 000a0000 08:02 162305                     /home/isanechek/.gradle/caches/transforms-1/files-1.1/appcompat-v7-27.1.1.aar/3c1f42bcb5291c10f14906972bf0fa80/jars/classes.jar
7fcad4048000-7fcad404e000 r--s 00043000 08:02 162235                     /home/isanechek/.gradle/caches/transforms-1/files-1.1/design-27.1.1.aar/9522a7830e81ea1addf883e7db91ad3b/jars/classes.jar
7fcad404e000-7fcad4050000 r--s 00002000 08:02 5270615                    /home/isanechek/.gradle/caches/modules-2/files-2.1/com.jakewharton.retrofit/retrofit2-kotlin-coroutines-experimental-adapter/1.0.0/b3d6fa5c1325f041d53f171160703799e15ecf0/retrofit2-kotlin-coroutines-experimental-adapter-1.0.0.jar
7fcad4050000-7fcad4052000 r--s 00001000 08:02 5276822                    /home/isanechek/.gradle/caches/modules-2/files-2.1/org.jetbrains.kotlin/kotlin-android-extensions-runtime/1.2.40/538ac7a31bb56b3ec6775932933b3d99d8209cfd/kotlin-android-extensions-runtime-1.2.40.jar
7fcad4052000-7fcad407d000 r--s 001fc000 08:02 5264378                    /home/isanechek/.gradle/caches/modules-2/files-2.1/com.google.guava/guava/18.0/cce0823396aa693798f8882e64213b1772032b09/guava-18.0.jar
7fcad407d000-7fcad4082000 r--s 00034000 08:02 5249372                    /home/isanechek/.gradle/caches/modules-2/files-2.1/com.google.code.gson/gson/2.8.0/c4ba5371a29ac9b2ad6129b1d39ea38750043eff/gson-2.8.0.jar
7fcad4082000-7fcad4085000 r--s 00004000 08:02 5262596                    /home/isanechek/.gradle/caches/modules-2/files-2.1/com.android.support/support-annotations/26.1.0/814258103cf26a15fcc26ecce35f5b7d24b73f8/support-annotations-26.1.0.jar
7fcad4085000-7fcad408c000 r--s 0003f000 08:02 5269992                    /home/isanechek/.gradle/caches/modules-2/files-2.1/commons-codec/commons-codec/1.10/4b95f4897fa13f2cd904aee711aeafc0c5295cd8/commons-codec-1.10.jar
7fcad408c000-7fcad4096000 r--s 0007c000 08:02 5272381                    /home/isanechek/.gradle/caches/modules-2/files-2.1/org.jetbrains.kotlinx/kotlinx-coroutines-core/0.22.5/a654b6962cbdf394cd88e6fc173314c92dd50edb/kotlinx-coroutines-core-0.22.5.jar
7fcad4096000-7fcad4098000 r--s 00003000 08:02 5249373                    /home/isanechek/.gradle/caches/modules-2/files-2.1/org.jetbrains/annotations/13.0/919f0dfe192fb4e063e7dacadee7f8bb9a2672a9/annotations-13.0.jar
7fcad4098000-7fcad409c000 r--s 00651000 08:02 5265879                    /home/isanechek/.gradle/caches/modules-2/files-2.1/org.xerial/sqlite-jdbc/3.20.1/df3068e837e9490a9554212fcab40a2c55faf0a3/sqlite-jdbc-3.20.1.jar
7fcad409c000-7fcad40b3000 r--s 00154000 08:02 5264380                    /home/isanechek/.gradle/caches/modules-2/files-2.1/org.antlr/antlr4/4.5.3/f35db7e4b2446e4174ba6a73db7bd6b3e6bb5da1/antlr4-4.5.3.jar
7fcad40b3000-7fcad40b5000 r--s 00015000 08:02 5249370                    /home/isanechek/.gradle/caches/modules-2/files-2.1/com.squareup/javapoet/1.8.0/e858dc62ef484048540d27d36f3ec2177a3fa9b1/javapoet-1.8.0.jar
7fcad40b5000-7fcad40b8000 r--s 0000f000 08:02 5249369                    /home/isanechek/.gradle/caches/modules-2/files-2.1/com.google.auto/auto-common/0.6/cf7212b0f8bfef12657b942df8f4f2cf032d3f41/auto-common-0.6.jar
7fcad40b8000-7fcad40be000 r--s 0003a000 08:02 5252475                    /home/isanechek/.gradle/caches/modules-2/files-2.1/com.github.bumptech.glide/compiler/4.5.0/12a04dbd41a592644630d2aa2820f4f2884bf3d8/compiler-4.5.0.jar
7fcad40be000-7fcad40cc000 r--s 000d5000 08:02 5266190                    /home/isanechek/.gradle/caches/modules-2/files-2.1/android.arch.persistence.room/compiler/1.0.0/5d06e00cf902bc7e198eef8bbb1394bef5ae0c21/compiler-1.0.0.jar
7fcad40cc000-7fcad40ce000 r--s 0000d000 08:02 5270614                    /home/isanechek/.gradle/caches/modules-2/files-2.1/org.koin/koin-core/0.8.2/146b2403e9f8f8d2da8f87d6ab685381b7ae6100/koin-core-0.8.2.jar
7fcad40ce000-7fcad40d1000 ---p 00000000 00:00 0 
7fcad40d1000-7fcad41cf000 rw-p 00000000 00:00 0 
7fcad41cf000-7fcad41d2000 ---p 00000000 00:00 0 
7fcad41d2000-7fcad42d0000 rw-p 00000000 00:00 0 
7fcad42d0000-7fcad42d3000 ---p 00000000 00:00 0 
7fcad42d3000-7fcad43d1000 rw-p 00000000 00:00 0 
7fcad43d1000-7fcad43d4000 ---p 00000000 00:00 0 
7fcad43d4000-7fcad46d2000 rw-p 00000000 00:00 0 
7fcad46d2000-7fcad46d5000 ---p 00000000 00:00 0 
7fcad46d5000-7fcad47d3000 rw-p 00000000 00:00 0 
7fcad47d3000-7fcad47d6000 ---p 00000000 00:00 0 
7fcad47d6000-7fcad48d4000 rw-p 00000000 00:00 0 
7fcad48d4000-7fcad48d7000 ---p 00000000 00:00 0 
7fcad48d7000-7fcad49d5000 rw-p 00000000 00:00 0 
7fcad49d5000-7fcad49d8000 ---p 00000000 00:00 0 
7fcad49d8000-7fcad4ad6000 rw-p 00000000 00:00 0 
7fcad4ad6000-7fcad4ad9000 ---p 00000000 00:00 0 
7fcad4ad9000-7fcad4bd7000 rw-p 00000000 00:00 0 
7fcad4bd7000-7fcad4bed000 r-xp 00000000 08:02 1854647                    /home/isanechek/ass/preview/android-studio/jre/jre/lib/amd64/libnet.so
7fcad4bed000-7fcad4dec000 ---p 00016000 08:02 1854647                    /home/isanechek/ass/preview/android-studio/jre/jre/lib/amd64/libnet.so
7fcad4dec000-7fcad4ded000 r--p 00015000 08:02 1854647                    /home/isanechek/ass/preview/android-studio/jre/jre/lib/amd64/libnet.so
7fcad4ded000-7fcad4dee000 rw-p 00016000 08:02 1854647                    /home/isanechek/ass/preview/android-studio/jre/jre/lib/amd64/libnet.so
7fcad4dee000-7fcad4dff000 r-xp 00000000 08:02 1854668                    /home/isanechek/ass/preview/android-studio/jre/jre/lib/amd64/libnio.so
7fcad4dff000-7fcad4ffe000 ---p 00011000 08:02 1854668                    /home/isanechek/ass/preview/android-studio/jre/jre/lib/amd64/libnio.so
7fcad4ffe000-7fcad4fff000 r--p 00010000 08:02 1854668                    /home/isanechek/ass/preview/android-studio/jre/jre/lib/amd64/libnio.so
7fcad4fff000-7fcad5000000 rw-p 00011000 08:02 1854668                    /home/isanechek/ass/preview/android-studio/jre/jre/lib/amd64/libnio.so
7fcad5000000-7fcad7890000 rwxp 00000000 00:00 0 
7fcad7890000-7fcae4000000 ---p 00000000 00:00 0 
7fcae4000000-7fcae53da000 rw-p 00000000 00:00 0 
7fcae53da000-7fcae8000000 ---p 00000000 00:00 0 
7fcae8000000-7fcae8001000 r--s 00000000 08:02 17724                      /home/isanechek/.gradle/caches/transforms-1/files-1.1/support-v4-27.1.1.aar/ba95572dea89a50a5bf0f4fafe27ecda/jars/classes.jar
7fcae8001000-7fcae8003000 r--s 00005000 08:02 4086733                    /home/isanechek/.gradle/caches/transforms-1/files-1.1/koin-android-0.8.2.aar/8eefdbca1f8c5e79e1d7549f2183e39d/jars/classes.jar
7fcae8003000-7fcae8005000 r--s 00002000 08:02 5276823                    /home/isanechek/.gradle/caches/modules-2/files-2.1/org.jetbrains.kotlin/kotlin-stdlib-jdk8/1.2.40/10a4b7b06a5fd822def11a077597056393c9f25c/kotlin-stdlib-jdk8-1.2.40.jar
7fcae8005000-7fcae8006000 r--s 00000000 08:02 5252476                    /home/isanechek/.gradle/caches/modules-2/files-2.1/com.github.bumptech.glide/annotations/4.5.0/5c16a9f3c9e4c9b6dbea50374264ef26fb937423/annotations-4.5.0.jar
7fcae8006000-7fcae8008000 r--s 00002000 08:02 5266194                    /home/isanechek/.gradle/caches/modules-2/files-2.1/android.arch.persistence.room/common/1.0.0/1cbd3ddc566125293b13af5c0a65bc015476e83c/common-1.0.0.jar
7fcae8008000-7fcae800a000 r--s 00002000 08:02 5272380                    /home/isanechek/.gradle/caches/modules-2/files-2.1/org.jetbrains.kotlinx/kotlinx-coroutines-android/0.22.5/1000de25ff0d3afcb3d5fb4350525707c2691cc8/kotlinx-coroutines-android-0.22.5.jar
7fcae800a000-7fcae800b000 r--s 00002000 08:02 5266191                    /home/isanechek/.gradle/caches/modules-2/files-2.1/android.arch.persistence.room/migration/1.0.0/58a0e2033900e60be5113bc74617fbdd7e3e34e6/migration-1.0.0.jar
7fcae800b000-7fcae800c000 r--s 00000000 08:02 5276824                    /home/isanechek/.gradle/caches/modules-2/files-2.1/org.jetbrains.kotlin/kotlin-stdlib-jdk7/1.2.40/4c50fc36bfb773f16cb2295dda8cb9e92a3481a3/kotlin-stdlib-jdk7-1.2.40.jar
7fcae800c000-7fcae801e000 r--s 00345000 08:02 1854671                    /home/isanechek/ass/preview/android-studio/jre/jre/lib/resources.jar
7fcae801e000-7fcae8025000 r--s 00048000 08:02 5276789                    /home/isanechek/.gradle/caches/modules-2/files-2.1/org.jetbrains.kotlin/kotlin-android-extensions/1.2.40/5f124db1c11af4500eee2313ab4092f1c3f3f304/kotlin-android-extensions-1.2.40.jar
7fcae8025000-7fcae802a000 r--s 00045000 08:02 5276788                    /home/isanechek/.gradle/caches/modules-2/files-2.1/org.jetbrains.kotlin/kotlin-annotation-processing-gradle/1.2.40/e5c56f911827d8bad91d1dda7e1adf00960a2e5d/kotlin-annotation-processing-gradle-1.2.40.jar
7fcae802a000-7fcae802d000 ---p 00000000 00:00 0 
7fcae802d000-7fcae812b000 rw-p 00000000 00:00 0 
7fcae812b000-7fcae8130000 r--s 0009a000 08:02 1854699                    /home/isanechek/ass/preview/android-studio/jre/jre/lib/jsse.jar
7fcae8130000-7fcae81a9000 r--s 010fd000 08:02 1854550                    /home/isanechek/ass/preview/android-studio/jre/lib/tools.jar
7fcae81a9000-7fcae81c4000 r--s 00394000 08:02 1854626                    /home/isanechek/ass/preview/android-studio/jre/jre/lib/ext/cldrdata.jar
7fcae81c4000-7fcae81cd000 r-xp 00000000 08:02 1854644                    /home/isanechek/ass/preview/android-studio/jre/jre/lib/amd64/libmanagement.so
7fcae81cd000-7fcae83cc000 ---p 00009000 08:02 1854644                    /home/isanechek/ass/preview/android-studio/jre/jre/lib/amd64/libmanagement.so
7fcae83cc000-7fcae83cd000 r--p 00008000 08:02 1854644                    /home/isanechek/ass/preview/android-studio/jre/jre/lib/amd64/libmanagement.so
7fcae83cd000-7fcae83ce000 rw-p 00009000 08:02 1854644                    /home/isanechek/ass/preview/android-studio/jre/jre/lib/amd64/libmanagement.so
7fcae83ce000-7fcae8403000 r--s 00240000 08:02 5276791                    /home/isanechek/.gradle/caches/modules-2/files-2.1/org.jetbrains.kotlin/kotlin-reflect/1.2.40/d984261ef3ff59acfa4e8c0480c6e01df40853a4/kotlin-reflect-1.2.40.jar
7fcae8403000-7fcae843f000 rw-p 00000000 00:00 0 
7fcae843f000-7fcae85f8000 r--s 0182b000 08:02 5276790                    /home/isanechek/.gradle/caches/modules-2/files-2.1/org.jetbrains.kotlin/kotlin-compiler-embeddable/1.2.40/94ec38ee25d34165f97f9d0feccd6573aecdf8a2/kotlin-compiler-embeddable-1.2.40.jar
7fcae85f8000-7fcae85f9000 ---p 00000000 00:00 0 
7fcae85f9000-7fcae86f9000 rw-p 00000000 00:00 0 
7fcae86f9000-7fcae86fc000 ---p 00000000 00:00 0 
7fcae86fc000-7fcae87fa000 rw-p 00000000 00:00 0 
7fcae87fa000-7fcae87fd000 ---p 00000000 00:00 0 
7fcae87fd000-7fcae88fb000 rw-p 00000000 00:00 0 
7fcae88fb000-7fcae88fe000 ---p 00000000 00:00 0 
7fcae88fe000-7fcae89fc000 rw-p 00000000 00:00 0 
7fcae89fc000-7fcae89ff000 ---p 00000000 00:00 0 
7fcae89ff000-7fcae8afd000 rw-p 00000000 00:00 0 
7fcae8afd000-7fcae8b00000 ---p 00000000 00:00 0 
7fcae8b00000-7fcae8bfe000 rw-p 00000000 00:00 0 
7fcae8bfe000-7fcae8c01000 ---p 00000000 00:00 0 
7fcae8c01000-7fcae8cff000 rw-p 00000000 00:00 0 
7fcae8cff000-7fcae8d00000 ---p 00000000 00:00 0 
7fcae8d00000-7fcae8e00000 rw-p 00000000 00:00 0 
7fcae8e00000-7fcae8fd1000 r--s 03c54000 08:02 1854684                    /home/isanechek/ass/preview/android-studio/jre/jre/lib/rt.jar
7fcae8fd1000-7fcae9847000 rw-p 00000000 00:00 0 
7fcae9847000-7fcae9889000 rw-p 00000000 00:00 0 
7fcae9889000-7fcae9a48000 ---p 00000000 00:00 0 
7fcae9a48000-7fcae9a69000 rw-p 00000000 00:00 0 
7fcae9a69000-7fcae9b48000 ---p 00000000 00:00 0 
7fcae9b48000-7fcae9b8a000 rw-p 00000000 00:00 0 
7fcae9b8a000-7fcae9d48000 ---p 00000000 00:00 0 
7fcae9d48000-7fcae9dec000 rw-p 00000000 00:00 0 
7fcae9dec000-7fcaea109000 ---p 00000000 00:00 0 
7fcaea109000-7fcaea123000 r-xp 00000000 08:02 1854643                    /home/isanechek/ass/preview/android-studio/jre/jre/lib/amd64/libzip.so
7fcaea123000-7fcaea322000 ---p 0001a000 08:02 1854643                    /home/isanechek/ass/preview/android-studio/jre/jre/lib/amd64/libzip.so
7fcaea322000-7fcaea323000 r--p 00019000 08:02 1854643                    /home/isanechek/ass/preview/android-studio/jre/jre/lib/amd64/libzip.so
7fcaea323000-7fcaea324000 rw-p 0001a000 08:02 1854643                    /home/isanechek/ass/preview/android-studio/jre/jre/lib/amd64/libzip.so
7fcaea324000-7fcaea32f000 r-xp 00000000 08:02 2633611                    /lib/x86_64-linux-gnu/libnss_files-2.23.so
7fcaea32f000-7fcaea52e000 ---p 0000b000 08:02 2633611                    /lib/x86_64-linux-gnu/libnss_files-2.23.so
7fcaea52e000-7fcaea52f000 r--p 0000a000 08:02 2633611                    /lib/x86_64-linux-gnu/libnss_files-2.23.so
7fcaea52f000-7fcaea530000 rw-p 0000b000 08:02 2633611                    /lib/x86_64-linux-gnu/libnss_files-2.23.so
7fcaea530000-7fcaea536000 rw-p 00000000 00:00 0 
7fcaea536000-7fcaea541000 r-xp 00000000 08:02 2633619                    /lib/x86_64-linux-gnu/libnss_nis-2.23.so
7fcaea541000-7fcaea740000 ---p 0000b000 08:02 2633619                    /lib/x86_64-linux-gnu/libnss_nis-2.23.so
7fcaea740000-7fcaea741000 r--p 0000a000 08:02 2633619                    /lib/x86_64-linux-gnu/libnss_nis-2.23.so
7fcaea741000-7fcaea742000 rw-p 0000b000 08:02 2633619                    /lib/x86_64-linux-gnu/libnss_nis-2.23.so
7fcaea742000-7fcaea758000 r-xp 00000000 08:02 2622661                    /lib/x86_64-linux-gnu/libnsl-2.23.so
7fcaea758000-7fcaea957000 ---p 00016000 08:02 2622661                    /lib/x86_64-linux-gnu/libnsl-2.23.so
7fcaea957000-7fcaea958000 r--p 00015000 08:02 2622661                    /lib/x86_64-linux-gnu/libnsl-2.23.so
7fcaea958000-7fcaea959000 rw-p 00016000 08:02 2622661                    /lib/x86_64-linux-gnu/libnsl-2.23.so
7fcaea959000-7fcaea95b000 rw-p 00000000 00:00 0 
7fcaea95b000-7fcaea963000 r-xp 00000000 08:02 2633590                    /lib/x86_64-linux-gnu/libnss_compat-2.23.so
7fcaea963000-7fcaeab62000 ---p 00008000 08:02 2633590                    /lib/x86_64-linux-gnu/libnss_compat-2.23.so
7fcaeab62000-7fcaeab63000 r--p 00007000 08:02 2633590                    /lib/x86_64-linux-gnu/libnss_compat-2.23.so
7fcaeab63000-7fcaeab64000 rw-p 00008000 08:02 2633590                    /lib/x86_64-linux-gnu/libnss_compat-2.23.so
7fcaeab64000-7fcaeab91000 r-xp 00000000 08:02 1854651                    /home/isanechek/ass/preview/android-studio/jre/jre/lib/amd64/libjava.so
7fcaeab91000-7fcaead90000 ---p 0002d000 08:02 1854651                    /home/isanechek/ass/preview/android-studio/jre/jre/lib/amd64/libjava.so
7fcaead90000-7fcaead91000 r--p 0002c000 08:02 1854651                    /home/isanechek/ass/preview/android-studio/jre/jre/lib/amd64/libjava.so
7fcaead91000-7fcaead93000 rw-p 0002d000 08:02 1854651                    /home/isanechek/ass/preview/android-studio/jre/jre/lib/amd64/libjava.so
7fcaead93000-7fcaeada3000 r-xp 00000000 08:02 1854639                    /home/isanechek/ass/preview/android-studio/jre/jre/lib/amd64/libverify.so
7fcaeada3000-7fcaeafa2000 ---p 00010000 08:02 1854639                    /home/isanechek/ass/preview/android-studio/jre/jre/lib/amd64/libverify.so
7fcaeafa2000-7fcaeafa4000 r--p 0000f000 08:02 1854639                    /home/isanechek/ass/preview/android-studio/jre/jre/lib/amd64/libverify.so
7fcaeafa4000-7fcaeafa5000 rw-p 00011000 08:02 1854639                    /home/isanechek/ass/preview/android-studio/jre/jre/lib/amd64/libverify.so
7fcaeafa5000-7fcaeafac000 r-xp 00000000 08:02 2633622                    /lib/x86_64-linux-gnu/librt-2.23.so
7fcaeafac000-7fcaeb1ab000 ---p 00007000 08:02 2633622                    /lib/x86_64-linux-gnu/librt-2.23.so
7fcaeb1ab000-7fcaeb1ac000 r--p 00006000 08:02 2633622                    /lib/x86_64-linux-gnu/librt-2.23.so
7fcaeb1ac000-7fcaeb1ad000 rw-p 00007000 08:02 2633622                    /lib/x86_64-linux-gnu/librt-2.23.so
7fcaeb1ad000-7fcaeb2b5000 r-xp 00000000 08:02 2622646                    /lib/x86_64-linux-gnu/libm-2.23.so
7fcaeb2b5000-7fcaeb4b4000 ---p 00108000 08:02 2622646                    /lib/x86_64-linux-gnu/libm-2.23.so
7fcaeb4b4000-7fcaeb4b5000 r--p 00107000 08:02 2622646                    /lib/x86_64-linux-gnu/libm-2.23.so
7fcaeb4b5000-7fcaeb4b6000 rw-p 00108000 08:02 2622646                    /lib/x86_64-linux-gnu/libm-2.23.so
7fcaeb4b6000-7fcaec0e5000 r-xp 00000000 08:02 1854661                    /home/isanechek/ass/preview/android-studio/jre/jre/lib/amd64/server/libjvm.so
7fcaec0e5000-7fcaec2e5000 ---p 00c2f000 08:02 1854661                    /home/isanechek/ass/preview/android-studio/jre/jre/lib/amd64/server/libjvm.so
7fcaec2e5000-7fcaec37a000 r--p 00c2f000 08:02 1854661                    /home/isanechek/ass/preview/android-studio/jre/jre/lib/amd64/server/libjvm.so
7fcaec37a000-7fcaec3a3000 rw-p 00cc4000 08:02 1854661                    /home/isanechek/ass/preview/android-studio/jre/jre/lib/amd64/server/libjvm.so
7fcaec3a3000-7fcaec3d3000 rw-p 00000000 00:00 0 
7fcaec3d3000-7fcaec593000 r-xp 00000000 08:02 2633574                    /lib/x86_64-linux-gnu/libc-2.23.so
7fcaec593000-7fcaec793000 ---p 001c0000 08:02 2633574                    /lib/x86_64-linux-gnu/libc-2.23.so
7fcaec793000-7fcaec797000 r--p 001c0000 08:02 2633574                    /lib/x86_64-linux-gnu/libc-2.23.so
7fcaec797000-7fcaec799000 rw-p 001c4000 08:02 2633574                    /lib/x86_64-linux-gnu/libc-2.23.so
7fcaec799000-7fcaec79d000 rw-p 00000000 00:00 0 
7fcaec79d000-7fcaec7a0000 r-xp 00000000 08:02 2633578                    /lib/x86_64-linux-gnu/libdl-2.23.so
7fcaec7a0000-7fcaec99f000 ---p 00003000 08:02 2633578                    /lib/x86_64-linux-gnu/libdl-2.23.so
7fcaec99f000-7fcaec9a0000 r--p 00002000 08:02 2633578                    /lib/x86_64-linux-gnu/libdl-2.23.so
7fcaec9a0000-7fcaec9a1000 rw-p 00003000 08:02 2633578                    /lib/x86_64-linux-gnu/libdl-2.23.so
7fcaec9a1000-7fcaec9b7000 r-xp 00000000 08:02 1854631                    /home/isanechek/ass/preview/android-studio/jre/jre/lib/amd64/jli/libjli.so
7fcaec9b7000-7fcaecbb7000 ---p 00016000 08:02 1854631                    /home/isanechek/ass/preview/android-studio/jre/jre/lib/amd64/jli/libjli.so
7fcaecbb7000-7fcaecbb8000 r--p 00016000 08:02 1854631                    /home/isanechek/ass/preview/android-studio/jre/jre/lib/amd64/jli/libjli.so
7fcaecbb8000-7fcaecbb9000 rw-p 00017000 08:02 1854631                    /home/isanechek/ass/preview/android-studio/jre/jre/lib/amd64/jli/libjli.so
7fcaecbb9000-7fcaecbd1000 r-xp 00000000 08:02 2633571                    /lib/x86_64-linux-gnu/libpthread-2.23.so
7fcaecbd1000-7fcaecdd0000 ---p 00018000 08:02 2633571                    /lib/x86_64-linux-gnu/libpthread-2.23.so
7fcaecdd0000-7fcaecdd1000 r--p 00017000 08:02 2633571                    /lib/x86_64-linux-gnu/libpthread-2.23.so
7fcaecdd1000-7fcaecdd2000 rw-p 00018000 08:02 2633571                    /lib/x86_64-linux-gnu/libpthread-2.23.so
7fcaecdd2000-7fcaecdd6000 rw-p 00000000 00:00 0 
7fcaecdd6000-7fcaecdfc000 r-xp 00000000 08:02 2633570                    /lib/x86_64-linux-gnu/ld-2.23.so
7fcaecdfc000-7fcaecdfd000 r--s 00005000 08:02 2106715                    /home/isanechek/AndroidStudioProjects/huyak/ProjectHyemoe/network/build/intermediates/intermediate-jars/debug/classes.jar
7fcaecdfd000-7fcaecdfe000 r--s 00002000 08:02 4086738                    /home/isanechek/.gradle/caches/transforms-1/files-1.1/koin-android-architecture-0.8.2.aar/10774faf950d7d7a1349098afa72d0fd/jars/classes.jar
7fcaecdfe000-7fcaece08000 r--s 00116000 08:02 1854624                    /home/isanechek/ass/preview/android-studio/jre/jre/lib/ext/localedata.jar
7fcaece08000-7fcaece0a000 r--s 00008000 08:02 5276794                    /home/isanechek/.gradle/caches/modules-2/files-2.1/org.jetbrains.kotlin/kotlin-script-runtime/1.2.40/f9f881f1db66ba70870ab1cddc409142401b6cf0/kotlin-script-runtime-1.2.40.jar
7fcaece0a000-7fcaecedb000 rw-p 00000000 00:00 0 
7fcaecedb000-7fcaecede000 ---p 00000000 00:00 0 
7fcaecede000-7fcaecfe1000 rw-p 00000000 00:00 0 
7fcaecfe1000-7fcaecfe2000 r--s 00001000 08:02 5270632                    /home/isanechek/.gradle/caches/modules-2/files-2.1/com.github.amalhanaja/retrofit2-kotlin/1.0.0/b480965a15e8ef20145dd323a55630ce1d18f810/retrofit2-kotlin-1.0.0.jar
7fcaecfe2000-7fcaecff1000 r--s 000d7000 08:02 5276792                    /home/isanechek/.gradle/caches/modules-2/files-2.1/org.jetbrains.kotlin/kotlin-stdlib/1.2.40/d39920020ab3e74f406a8e142fb94b360f3f80f8/kotlin-stdlib-1.2.40.jar
7fcaecff1000-7fcaecff9000 rw-s 00000000 08:02 5276995                    /tmp/hsperfdata_isanechek/3064
7fcaecff9000-7fcaecffa000 rw-p 00000000 00:00 0 
7fcaecffa000-7fcaecffb000 ---p 00000000 00:00 0 
7fcaecffb000-7fcaecffc000 r--p 00025000 08:02 2633570                    /lib/x86_64-linux-gnu/ld-2.23.so
7fcaecffc000-7fcaecffd000 rw-p 00026000 08:02 2633570                    /lib/x86_64-linux-gnu/ld-2.23.so
7fcaecffd000-7fcaecffe000 rw-p 00000000 00:00 0 
7ffeb2020000-7ffeb2042000 rw-p 00000000 00:00 0                          [stack]
7ffeb2198000-7ffeb219b000 r--p 00000000 00:00 0                          [vvar]
7ffeb219b000-7ffeb219d000 r-xp 00000000 00:00 0                          [vdso]
ffffffffff600000-ffffffffff601000 r-xp 00000000 00:00 0                  [vsyscall]

VM Arguments:
jvm_args: -Djava.awt.headless=true -Djava.rmi.server.hostname=localhost -Xmx1536m -Dkotlin.environment.keepalive 
java_command: org.jetbrains.kotlin.daemon.KotlinCompileDaemon --daemon-runFilesPath /home/isanechek/.local/share/kotlin/daemon --daemon-autoshutdownIdleSeconds=7200 --daemon-compilerClasspath /home/isanechek/.gradle/caches/modules-2/files-2.1/org.jetbrains.kotlin/kotlin-compiler-embeddable/1.2.40/94ec38ee25d34165f97f9d0feccd6573aecdf8a2/kotlin-compiler-embeddable-1.2.40.jar:/home/isanechek/.gradle/caches/modules-2/files-2.1/org.jetbrains.kotlin/kotlin-stdlib/1.2.40/d39920020ab3e74f406a8e142fb94b360f3f80f8/kotlin-stdlib-1.2.40.jar:/home/isanechek/.gradle/caches/modules-2/files-2.1/org.jetbrains.kotlin/kotlin-script-runtime/1.2.40/f9f881f1db66ba70870ab1cddc409142401b6cf0/kotlin-script-runtime-1.2.40.jar:/home/isanechek/.gradle/caches/modules-2/files-2.1/org.jetbrains.kotlin/kotlin-reflect/1.2.40/d984261ef3ff59acfa4e8c0480c6e01df40853a4/kotlin-reflect-1.2.40.jar:/home/isanechek/ass/preview/android-studio/jre/lib/tools.jar
java_class_path (initial): /home/isanechek/.gradle/caches/modules-2/files-2.1/org.jetbrains.kotlin/kotlin-compiler-embeddable/1.2.40/94ec38ee25d34165f97f9d0feccd6573aecdf8a2/kotlin-compiler-embeddable-1.2.40.jar:/home/isanechek/.gradle/caches/modules-2/files-2.1/org.jetbrains.kotlin/kotlin-stdlib/1.2.40/d39920020ab3e74f406a8e142fb94b360f3f80f8/kotlin-stdlib-1.2.40.jar:/home/isanechek/.gradle/caches/modules-2/files-2.1/org.jetbrains.kotlin/kotlin-script-runtime/1.2.40/f9f881f1db66ba70870ab1cddc409142401b6cf0/kotlin-script-runtime-1.2.40.jar:/home/isanechek/.gradle/caches/modules-2/files-2.1/org.jetbrains.kotlin/kotlin-reflect/1.2.40/d984261ef3ff59acfa4e8c0480c6e01df40853a4/kotlin-reflect-1.2.40.jar:/home/isanechek/ass/preview/android-studio/jre/lib/tools.jar
Launcher Type: SUN_STANDARD

Environment Variables:
JAVA_HOME=/usr/lib/jvm/java-8-oracle
PATH=/home/isanechek/bin:/home/isanechek/.local/bin:/usr/local/sbin:/usr/local/bin:/usr/sbin:/usr/bin:/sbin:/bin:/usr/games:/usr/local/games:/snap/bin:/usr/lib/jvm/java-8-oracle/bin:/usr/lib/jvm/java-8-oracle/db/bin:/usr/lib/jvm/java-8-oracle/jre/bin
SHELL=/bin/bash
DISPLAY=:0

Signal Handlers:
SIGSEGV: [libjvm.so+0xa36640], sa_mask[0]=11111111011111111101111111111110, sa_flags=SA_RESTART|SA_SIGINFO
SIGBUS: [libjvm.so+0xa36640], sa_mask[0]=11111111011111111101111111111110, sa_flags=SA_RESTART|SA_SIGINFO
SIGFPE: [libjvm.so+0x889390], sa_mask[0]=11111111011111111101111111111110, sa_flags=SA_RESTART|SA_SIGINFO
SIGPIPE: [libjvm.so+0x889390], sa_mask[0]=11111111011111111101111111111110, sa_flags=SA_RESTART|SA_SIGINFO
SIGXFSZ: [libjvm.so+0x889390], sa_mask[0]=11111111011111111101111111111110, sa_flags=SA_RESTART|SA_SIGINFO
SIGILL: [libjvm.so+0x889390], sa_mask[0]=11111111011111111101111111111110, sa_flags=SA_RESTART|SA_SIGINFO
SIGUSR1: SIG_DFL, sa_mask[0]=00000000000000000000000000000000, sa_flags=none
SIGUSR2: [libjvm.so+0x889260], sa_mask[0]=00100000000000000000000000000000, sa_flags=SA_RESTART|SA_SIGINFO
SIGHUP: [libjvm.so+0x8896d0], sa_mask[0]=11111111011111111101111111111110, sa_flags=SA_RESTART|SA_SIGINFO
SIGINT: [libjvm.so+0x8896d0], sa_mask[0]=11111111011111111101111111111110, sa_flags=SA_RESTART|SA_SIGINFO
SIGTERM: [libjvm.so+0x8896d0], sa_mask[0]=11111111011111111101111111111110, sa_flags=SA_RESTART|SA_SIGINFO
SIGQUIT: [libjvm.so+0x8896d0], sa_mask[0]=11111111011111111101111111111110, sa_flags=SA_RESTART|SA_SIGINFO


---------------  S Y S T E M  ---------------

OS:DISTRIB_ID="elementary"
DISTRIB_RELEASE=0.4.1
DISTRIB_CODENAME=loki
DISTRIB_DESCRIPTION="elementary OS 0.4.1 Loki"

uname:Linux 4.15.0-041500-generic #201802011154 SMP Thu Feb 1 11:55:45 UTC 2018 x86_64
libc:glibc 2.23 NPTL 2.23 
rlimit: STACK 8192k, CORE 0k, NPROC 7723, NOFILE 1048576, AS infinity
load average:2.35 2.78 2.87

/proc/meminfo:
MemTotal:        2032784 kB
MemFree:           76916 kB
MemAvailable:      49528 kB
Buffers:           15392 kB
Cached:           109504 kB
SwapCached:       379476 kB
Active:          1361436 kB
Inactive:         471152 kB
Active(anon):    1328880 kB
Inactive(anon):   443116 kB
Active(file):      32556 kB
Inactive(file):    28036 kB
Unevictable:           0 kB
Mlocked:               0 kB
SwapTotal:       2999292 kB
SwapFree:        1862404 kB
Dirty:              2144 kB
Writeback:         11268 kB
AnonPages:       1682412 kB
Mapped:            53688 kB
Shmem:             64280 kB
Slab:              63880 kB
SReclaimable:      35092 kB
SUnreclaim:        28788 kB
KernelStack:        6784 kB
PageTables:        27572 kB
NFS_Unstable:          0 kB
Bounce:                0 kB
WritebackTmp:          0 kB
CommitLimit:     4015684 kB
Committed_AS:    4491908 kB
VmallocTotal:   34359738367 kB
VmallocUsed:           0 kB
VmallocChunk:          0 kB
HardwareCorrupted:     0 kB
AnonHugePages:         0 kB
ShmemHugePages:        0 kB
ShmemPmdMapped:        0 kB
CmaTotal:              0 kB
CmaFree:               0 kB
HugePages_Total:       0
HugePages_Free:        0
HugePages_Rsvd:        0
HugePages_Surp:        0
Hugepagesize:       2048 kB
DirectMap4k:       81536 kB
DirectMap2M:     2007040 kB


CPU:total 1 (initial active 1) (1 cores per cpu, 1 threads per core) family 15 model 4 stepping 9, cmov, cx8, fxsr, mmx, sse, sse2, sse3, tsc

/proc/cpuinfo:
processor	: 0
vendor_id	: GenuineIntel
cpu family	: 15
model		: 4
model name	: Intel(R) Celeron(R) CPU 2.66GHz
stepping	: 9
microcode	: 0x3
cpu MHz		: 2666.914
cache size	: 256 KB
physical id	: 0
siblings	: 1
core id		: 0
cpu cores	: 1
apicid		: 0
initial apicid	: 0
fpu		: yes
fpu_exception	: yes
cpuid level	: 5
wp		: yes
flags		: fpu vme de pse tsc msr pae mce cx8 apic sep mtrr pge mca cmov pat pse36 clflush dts acpi mmx fxsr sse sse2 ss ht tm pbe syscall nx lm constant_tsc pebs bts nopl cpuid pni dtes64 monitor ds_cpl tm2 cid cx16 xtpr lahf_lm pti retpoline
bugs		: cpu_meltdown spectre_v1 spectre_v2
bogomips	: 5333.82
clflush size	: 64
cache_alignment	: 128
address sizes	: 36 bits physical, 48 bits virtual
power management:



Memory: 4k page, physical 2032784k(76916k free), swap 2999292k(1862404k free)

vm_info: OpenJDK 64-Bit Server VM (25.152-b01) for linux-amd64 JRE (1.8.0_152-release-1136-b01), built by "builder" with gcc 6.3.0 20170516

time: Sat Apr 21 08:47:59 2018
elapsed time: 4360 seconds (0d 1h 12m 40s)

